<?xml version="1.0" encoding="UTF-8"?>
<testng-results skipped="0" failed="0" total="1" passed="1">
  <reporter-output>
  </reporter-output>
  <suite name="Suite" duration-ms="21882" started-at="2018-03-26T09:05:27Z" finished-at="2018-03-26T09:05:49Z">
    <groups>
    </groups>
    <test name="Test" duration-ms="21882" started-at="2018-03-26T09:05:27Z" finished-at="2018-03-26T09:05:49Z">
      <class name="com.NorthDakota_Pom.RedBusEx">
        <test-method status="PASS" signature="testEx()[pri:0, instance:com.NorthDakota_Pom.RedBusEx@f4189a]" name="testEx" duration-ms="21872" started-at="2018-03-26T14:35:27Z" finished-at="2018-03-26T14:35:49Z">
          <reporter-output>
          </reporter-output>
        </test-method> <!-- testEx -->
      </class> <!-- com.NorthDakota_Pom.RedBusEx -->
    </test> <!-- Test -->
  </suite> <!-- Suite -->
</testng-results>
