<?xml version="1.0" encoding="UTF-8"?>
<testng-results skipped="0" failed="0" ignored="0" total="1" passed="1">
  <reporter-output>
  </reporter-output>
  <suite name="Default suite" duration-ms="23" started-at="2018-05-14T13:29:13Z" finished-at="2018-05-14T13:29:13Z">
    <groups>
    </groups>
    <test name="Default test" duration-ms="23" started-at="2018-05-14T13:29:13Z" finished-at="2018-05-14T13:29:13Z">
      <class name="crmPro.Login">
        <test-method status="PASS" signature="login()[pri:0, instance:crmPro.Login@1026e40]" name="login" duration-ms="7" started-at="2018-05-14T13:29:13Z" finished-at="2018-05-14T13:29:13Z">
          <reporter-output>
          </reporter-output>
        </test-method> <!-- login -->
      </class> <!-- crmPro.Login -->
    </test> <!-- Default test -->
  </suite> <!-- Default suite -->
</testng-results>
