<?xml version="1.0" encoding="UTF-8"?>
<!-- Generated by org.testng.reporters.JUnitXMLReporter -->
<testsuite hostname="NEWNODE65" ignored="4" name="Test" tests="1" failures="0" timestamp="14 May 2018 09:45:29 GMT" time="30.279" errors="0">
  <testcase name="login" time="29.754" classname="BusinessScripts.Login"/>
  <testcase name="@AfterSuite closeBrowser" time="0.0" classname="BaseEngine.DriverEngine">
    <ignored/>
  </testcase> <!-- @AfterSuite closeBrowser -->
  <testcase name="@AfterTest endReport" time="0.0" classname="BaseEngine.DriverEngine">
    <ignored/>
  </testcase> <!-- @AfterTest endReport -->
  <testcase name="@BeforeTest initialiseReport" time="0.0" classname="BaseEngine.DriverEngine">
    <ignored/>
  </testcase> <!-- @BeforeTest initialiseReport -->
  <testcase name="@BeforeSuite openBrowser" time="0.0" classname="BaseEngine.DriverEngine">
    <ignored/>
  </testcase> <!-- @BeforeSuite openBrowser -->
</testsuite> <!-- Test -->
