<?xml version="1.0" encoding="UTF-8"?>
<!-- Generated by org.testng.reporters.JUnitReportReporter -->
<testsuite skipped="0" hostname="NEWNODE65" name="BaseEngine.DriverEngine" tests="1" failures="0" timestamp="08 May 2018 09:28:26 GMT" time="3.671" errors="1">
  <testcase name="openBrowser" time="3.671" classname="BaseEngine.DriverEngine">
    <error type="org.openqa.selenium.WebDriverException" message="session null does not exist (WARNING: The server did not provide any stacktrace information)
Command duration or timeout: 2 milliseconds
Build info: version: &#039;2.51.0&#039;, revision: &#039;1af067d&#039;, time: &#039;2016-02-05 19:15:17&#039;
System info: host: &#039;NEWNODE65&#039;, ip: &#039;10.0.3.221&#039;, os.name: &#039;Windows 7&#039;, os.arch: &#039;x86&#039;, os.version: &#039;6.1&#039;, java.version: &#039;1.7.0_13&#039;
Session ID: null
Driver info: org.openqa.selenium.ie.InternetExplorerDriver
Capabilities [{platform=ANY, sessionId=e0d64bda-5d79-4bfb-9ec5-c0fb50fe5d80, capabilities={timeouts={pageLoad=300000, implicit=0, script=30000}, browserVersion=11, platformName=windows, browserName=internet explorer, proxy={}, se:ieOptions={ignoreProtectedModeSettings=false, elementScrollBehavior=0, ignoreZoomSetting=false, enablePersistentHover=true, requireWindowFocus=false, ie.ensureCleanSession=false, initialBrowserUrl=http://localhost:26791/, ie.forceCreateProcessApi=false, nativeEvents=true, browserAttachTimeout=0, ie.fileUploadDialogTimeout=3000, ie.browserCommandLineSwitches=}, unhandledPromptBehavior=dismiss, setWindowRect=true, pageLoadStrategy=normal, acceptInsecureCerts=false}}]">
      <![CDATA[org.openqa.selenium.WebDriverException: session null does not exist (WARNING: The server did not provide any stacktrace information)
Command duration or timeout: 2 milliseconds
Build info: version: '2.51.0', revision: '1af067d', time: '2016-02-05 19:15:17'
System info: host: 'NEWNODE65', ip: '10.0.3.221', os.name: 'Windows 7', os.arch: 'x86', os.version: '6.1', java.version: '1.7.0_13'
Session ID: null
Driver info: org.openqa.selenium.ie.InternetExplorerDriver
Capabilities [{platform=ANY, sessionId=e0d64bda-5d79-4bfb-9ec5-c0fb50fe5d80, capabilities={timeouts={pageLoad=300000, implicit=0, script=30000}, browserVersion=11, platformName=windows, browserName=internet explorer, proxy={}, se:ieOptions={ignoreProtectedModeSettings=false, elementScrollBehavior=0, ignoreZoomSetting=false, enablePersistentHover=true, requireWindowFocus=false, ie.ensureCleanSession=false, initialBrowserUrl=http://localhost:26791/, ie.forceCreateProcessApi=false, nativeEvents=true, browserAttachTimeout=0, ie.fileUploadDialogTimeout=3000, ie.browserCommandLineSwitches=}, unhandledPromptBehavior=dismiss, setWindowRect=true, pageLoadStrategy=normal, acceptInsecureCerts=false}}]
at sun.reflect.NativeConstructorAccessorImpl.newInstance0(Native Method)
at sun.reflect.NativeConstructorAccessorImpl.newInstance(Unknown Source)
at sun.reflect.DelegatingConstructorAccessorImpl.newInstance(Unknown Source)
at java.lang.reflect.Constructor.newInstance(Unknown Source)
at org.openqa.selenium.remote.ErrorHandler.createThrowable(ErrorHandler.java:206)
at org.openqa.selenium.remote.ErrorHandler.throwIfResponseFailed(ErrorHandler.java:158)
at org.openqa.selenium.remote.RemoteWebDriver.execute(RemoteWebDriver.java:678)
at org.openqa.selenium.remote.RemoteWebDriver.execute(RemoteWebDriver.java:701)
at org.openqa.selenium.remote.RemoteWebDriver$RemoteWebDriverOptions.deleteAllCookies(RemoteWebDriver.java:773)
at BaseEngine.DriverEngine.init(DriverEngine.java:52)
at BaseEngine.DriverEngine.openBrowser(DriverEngine.java:42)
at sun.reflect.NativeMethodAccessorImpl.invoke0(Native Method)
at sun.reflect.NativeMethodAccessorImpl.invoke(Unknown Source)
at sun.reflect.DelegatingMethodAccessorImpl.invoke(Unknown Source)
at java.lang.reflect.Method.invoke(Unknown Source)
at org.testng.internal.MethodInvocationHelper.invokeMethod(MethodInvocationHelper.java:124)
at org.testng.internal.MethodInvocationHelper.invokeMethodConsideringTimeout(MethodInvocationHelper.java:59)
at org.testng.internal.Invoker.invokeConfigurationMethod(Invoker.java:455)
at org.testng.internal.Invoker.invokeConfigurations(Invoker.java:222)
at org.testng.internal.Invoker.invokeConfigurations(Invoker.java:142)
at org.testng.SuiteRunner.privateRun(SuiteRunner.java:401)
at org.testng.SuiteRunner.run(SuiteRunner.java:364)
at org.testng.SuiteRunnerWorker.runSuite(SuiteRunnerWorker.java:52)
at org.testng.SuiteRunnerWorker.run(SuiteRunnerWorker.java:84)
at org.testng.TestNG.runSuitesSequentially(TestNG.java:1208)
at org.testng.TestNG.runSuitesLocally(TestNG.java:1137)
at org.testng.TestNG.runSuites(TestNG.java:1049)
at org.testng.TestNG.run(TestNG.java:1017)
at org.testng.remote.AbstractRemoteTestNG.run(AbstractRemoteTestNG.java:114)
at org.testng.remote.RemoteTestNG.initAndRun(RemoteTestNG.java:251)
at org.testng.remote.RemoteTestNG.main(RemoteTestNG.java:77)
]]>
    </error>
  </testcase> <!-- openBrowser -->
</testsuite> <!-- BaseEngine.DriverEngine -->
