<?xml version="1.0" encoding="UTF-8"?>
<testng-results skipped="0" failed="0" total="1" passed="1">
  <reporter-output>
  </reporter-output>
  <suite name="Default suite" duration-ms="30127" started-at="2018-06-15T12:35:37Z" finished-at="2018-06-15T12:36:07Z">
    <groups>
    </groups>
    <test name="Default test" duration-ms="30127" started-at="2018-06-15T12:35:37Z" finished-at="2018-06-15T12:36:07Z">
      <class name="BusinessScripts.Login">
        <test-method status="PASS" signature="openBrowser(java.lang.String)[pri:0, instance:BusinessScripts.Login@10cdf59]" name="openBrowser" is-config="true" duration-ms="5430" started-at="2018-06-15T18:05:31Z" finished-at="2018-06-15T18:05:37Z">
          <params>
            <param index="0">
              <value>
                <![CDATA[firefox]]>
              </value>
            </param>
          </params>
          <reporter-output>
          </reporter-output>
        </test-method> <!-- openBrowser -->
        <test-method status="PASS" signature="initialiseReport()[pri:0, instance:BusinessScripts.Login@10cdf59]" name="initialiseReport" is-config="true" duration-ms="63" started-at="2018-06-15T18:05:37Z" finished-at="2018-06-15T18:05:37Z">
          <reporter-output>
          </reporter-output>
        </test-method> <!-- initialiseReport -->
        <test-method status="PASS" signature="login()[pri:0, instance:BusinessScripts.Login@10cdf59]" name="login" duration-ms="29938" started-at="2018-06-15T18:05:37Z" finished-at="2018-06-15T18:06:07Z">
          <reporter-output>
          </reporter-output>
        </test-method> <!-- login -->
        <test-method status="PASS" signature="runTimeTcName(java.lang.reflect.Method)[pri:0, instance:BusinessScripts.Login@10cdf59]" name="runTimeTcName" is-config="true" duration-ms="0" started-at="2018-06-15T18:05:37Z" finished-at="2018-06-15T18:05:37Z">
          <params>
            <param index="0">
              <value>
                <![CDATA[public void BusinessScripts.Login.login() throws java.io.IOException]]>
              </value>
            </param>
          </params>
          <reporter-output>
          </reporter-output>
        </test-method> <!-- runTimeTcName -->
        <test-method status="PASS" signature="endReport()[pri:0, instance:BusinessScripts.Login@10cdf59]" name="endReport" is-config="true" duration-ms="126" started-at="2018-06-15T18:06:07Z" finished-at="2018-06-15T18:06:07Z">
          <reporter-output>
          </reporter-output>
        </test-method> <!-- endReport -->
        <test-method status="PASS" signature="afterTCExcution(org.testng.ITestResult)[pri:0, instance:BusinessScripts.Login@10cdf59]" name="afterTCExcution" is-config="true" duration-ms="0" started-at="2018-06-15T18:06:07Z" finished-at="2018-06-15T18:06:07Z">
          <params>
            <param index="0">
              <value>
                <![CDATA[[TestResult name=login status=SUCCESS method=Login.login()[pri:0, instance:BusinessScripts.Login@10cdf59] output={null}]]]>
              </value>
            </param>
          </params>
          <reporter-output>
          </reporter-output>
        </test-method> <!-- afterTCExcution -->
        <test-method status="PASS" signature="closeBrowser()[pri:0, instance:BusinessScripts.Login@10cdf59]" name="closeBrowser" is-config="true" duration-ms="46" started-at="2018-06-15T18:06:07Z" finished-at="2018-06-15T18:06:07Z">
          <reporter-output>
          </reporter-output>
        </test-method> <!-- closeBrowser -->
      </class> <!-- BusinessScripts.Login -->
    </test> <!-- Default test -->
  </suite> <!-- Default suite -->
</testng-results>
