<?xml version="1.0" encoding="UTF-8"?>
<testng-results skipped="0" failed="0" ignored="4" total="5" passed="1">
  <reporter-output>
  </reporter-output>
  <suite name="Suite" duration-ms="30279" started-at="2018-05-14T09:44:58Z" finished-at="2018-05-14T09:45:28Z">
    <groups>
    </groups>
    <test name="Test" duration-ms="30279" started-at="2018-05-14T09:44:58Z" finished-at="2018-05-14T09:45:28Z">
      <class name="BaseEngine.DriverEngine">
        <test-method status="PASS" signature="openBrowser(java.lang.String)[pri:0, instance:BaseEngine.DriverEngine@191d9ad]" name="openBrowser" is-config="true" duration-ms="10313" started-at="2018-05-14T09:44:48Z" finished-at="2018-05-14T09:44:58Z">
          <params>
            <param index="0">
              <value>
                <![CDATA[firefox]]>
              </value>
            </param>
          </params>
          <reporter-output>
          </reporter-output>
        </test-method> <!-- openBrowser -->
        <test-method status="PASS" signature="initialiseReport()[pri:0, instance:BaseEngine.DriverEngine@191d9ad]" name="initialiseReport" is-config="true" duration-ms="203" started-at="2018-05-14T09:44:58Z" finished-at="2018-05-14T09:44:58Z">
          <reporter-output>
          </reporter-output>
        </test-method> <!-- initialiseReport -->
        <test-method status="PASS" signature="endReport()[pri:0, instance:BaseEngine.DriverEngine@191d9ad]" name="endReport" is-config="true" duration-ms="291" started-at="2018-05-14T09:45:28Z" finished-at="2018-05-14T09:45:28Z">
          <reporter-output>
          </reporter-output>
        </test-method> <!-- endReport -->
        <test-method status="PASS" signature="closeBrowser()[pri:0, instance:BaseEngine.DriverEngine@191d9ad]" name="closeBrowser" is-config="true" duration-ms="30" started-at="2018-05-14T09:45:29Z" finished-at="2018-05-14T09:45:29Z">
          <reporter-output>
          </reporter-output>
        </test-method> <!-- closeBrowser -->
      </class> <!-- BaseEngine.DriverEngine -->
      <class name="BusinessScripts.Login">
        <test-method status="PASS" signature="runTimeTcName(java.lang.reflect.Method)[pri:0, instance:BusinessScripts.Login@69f0bc]" name="runTimeTcName" is-config="true" duration-ms="0" started-at="2018-05-14T09:44:58Z" finished-at="2018-05-14T09:44:58Z">
          <params>
            <param index="0">
              <value>
                <![CDATA[public void BusinessScripts.Login.login() throws java.io.IOException]]>
              </value>
            </param>
          </params>
          <reporter-output>
          </reporter-output>
        </test-method> <!-- runTimeTcName -->
        <test-method status="PASS" signature="login()[pri:0, instance:BusinessScripts.Login@69f0bc]" name="login" duration-ms="29754" started-at="2018-05-14T09:44:58Z" finished-at="2018-05-14T09:45:28Z">
          <reporter-output>
          </reporter-output>
        </test-method> <!-- login -->
        <test-method status="PASS" signature="afterTCExcution(org.testng.ITestResult)[pri:0, instance:BusinessScripts.Login@69f0bc]" name="afterTCExcution" is-config="true" duration-ms="0" started-at="2018-05-14T09:45:28Z" finished-at="2018-05-14T09:45:28Z">
          <params>
            <param index="0">
              <value>
                <![CDATA[[TestResult name=login status=SUCCESS method=Login.login()[pri:0, instance:BusinessScripts.Login@69f0bc] output={null}]]]>
              </value>
            </param>
          </params>
          <reporter-output>
          </reporter-output>
        </test-method> <!-- afterTCExcution -->
      </class> <!-- BusinessScripts.Login -->
    </test> <!-- Test -->
  </suite> <!-- Suite -->
</testng-results>
