<?xml version="1.0" encoding="UTF-8"?>
<testng-results skipped="0" failed="0" total="2" passed="2">
  <reporter-output>
  </reporter-output>
  <suite name="Default suite" duration-ms="558" started-at="2018-07-24T13:51:55Z" finished-at="2018-07-24T13:51:56Z">
    <groups>
    </groups>
    <test name="Default test" duration-ms="558" started-at="2018-07-24T13:51:55Z" finished-at="2018-07-24T13:51:56Z">
      <class name="com.TestNG_Test.ReadXssfExcelData">
        <test-method status="PASS" signature="writeDataToExcel()[pri:0, instance:com.TestNG_Test.ReadXssfExcelData@67aece]" name="writeDataToExcel" duration-ms="525" started-at="2018-07-24T19:21:55Z" finished-at="2018-07-24T19:21:56Z">
          <reporter-output>
          </reporter-output>
        </test-method> <!-- writeDataToExcel -->
        <test-method status="PASS" signature="readdata()[pri:0, instance:com.TestNG_Test.ReadXssfExcelData@67aece]" name="readdata" duration-ms="21" started-at="2018-07-24T19:21:56Z" depends-on-methods="com.TestNG_Test.ReadXssfExcelData.writeDataToExcel" finished-at="2018-07-24T19:21:56Z">
          <reporter-output>
          </reporter-output>
        </test-method> <!-- readdata -->
      </class> <!-- com.TestNG_Test.ReadXssfExcelData -->
    </test> <!-- Default test -->
  </suite> <!-- Default suite -->
</testng-results>
