<?xml version="1.0" encoding="UTF-8"?>
<!-- Generated by org.testng.reporters.JUnitXMLReporter -->
<testsuite hostname="NEWNODE65" name="Test" tests="4" failures="0" timestamp="11 May 2018 08:58:57 GMT" time="46.089" errors="0">
  <testcase name="readdata" time="10.939" classname="com.Utilities.ReadData"/>
  <testcase name="readdata" time="12.8" classname="com.Utilities.ReadData"/>
  <testcase name="readdata" time="10.832" classname="com.Utilities.ReadData"/>
  <testcase name="readdata" time="11.053" classname="com.Utilities.ReadData"/>
</testsuite> <!-- Test -->
